<?xml version="1.0" encoding="UTF-8"?>
<!-- Generated by org.testng.reporters.JUnitXMLReporter -->
<testsuite ignored="0" hostname="Sonalis-MacBook.local" failures="2" tests="7" name="Guru 99 Automation Test" time="52.032" errors="0" timestamp="30 Mar 2018 19:32:20 GMT">
  <testcase classname="com.qa.test.HomePageTest" name="validateHomePageTitleTest" time="0.075">
    <failure type="java.lang.AssertionError" message="expected [GTPL Bank Manager HomePage] but found [GTPL Bank Home Page]">
      <![CDATA[java.lang.AssertionError: expected [GTPL Bank Manager HomePage] but found [GTPL Bank Home Page]
at com.qa.test.HomePageTest.validateHomePageTitleTest(HomePageTest.java:30)
... Removed 31 stack frames]]>
    </failure>
  </testcase> <!-- validateHomePageTitleTest -->
  <testcase classname="com.qa.test.LoginPageTest" name="titleOfThePageTest" time="0.009"/>
  <testcase classname="com.qa.test.HomePageTest" name="marqueeTextCheckTest" time="0.002">
    <failure type="java.lang.NullPointerException">
      <![CDATA[java.lang.NullPointerException
at com.qa.pages.HomePage.marqueeTextCheck(HomePage.java:35)
at com.qa.test.HomePageTest.marqueeTextCheckTest(HomePageTest.java:35)
... Removed 25 stack frames]]>
    </failure>
  </testcase> <!-- marqueeTextCheckTest -->
  <testcase classname="com.qa.test.LoginPageTest" name="validateBankNameOnThePageTest" time="0.038"/>
  <testcase classname="com.qa.test.HomePageTest" name="threeImageDisplayCheckTest" time="20.021"/>
  <testcase classname="com.qa.test.LoginPageTest" name="validateLoginImageTest" time="0.033"/>
  <testcase classname="com.qa.test.LoginPageTest" name="loginClickTest" time="1.303"/>
</testsuite> <!-- Guru 99 Automation Test -->
